<?xml version="1.0" encoding="UTF-8"?>
<!-- Generated by org.testng.reporters.JUnitXMLReporter -->
<testsuite ignored="0" hostname="LAPTOP-L86JNH65" failures="0" tests="4" name="Default test" time="14.114" errors="0" timestamp="2023-01-16T16:11:11 IST">
  <testcase classname="tests.TC_03ValidatingtheFilterSection" name="FilteranIteminDecreasingOrder" time="2.069"/>
  <testcase classname="tests.TC_03ValidatingtheFilterSection" name="FilteranIteminDecreasingOrder" time="2.048"/>
  <testcase classname="tests.TC_03ValidatingtheFilterSection" name="FilteranIteminDecreasingOrder" time="1.184"/>
  <testcase classname="tests.TC_03ValidatingtheFilterSection" name="FilteranIteminDecreasingOrder" time="0.945"/>
</testsuite> <!-- Default test -->
