<?xml version="1.0" encoding="UTF-8"?>
<!-- Generated by org.testng.reporters.JUnitXMLReporter -->
<testsuite ignored="0" hostname="LAPTOP-L86JNH65" failures="0" tests="9" name="Test" time="31.52" errors="0" timestamp="2023-01-16T19:13:41 IST">
  <testcase classname="tests.TC_02AddtoCart" name="AddanItemtoCart" time="4.258"/>
  <testcase classname="tests.TC_02AddtoCart" name="AddanItemtoCart" time="1.225"/>
  <testcase classname="tests.TC_04EndToEndScenario" name="EndToEndTCValidation" time="1.787"/>
  <testcase classname="tests.TC_03ValidatingtheFilterSection" name="FilteranItem" time="1.336"/>
  <testcase classname="tests.TC_03ValidatingtheFilterSection" name="FilteranItem" time="1.227"/>
  <testcase classname="tests.TC_03ValidatingtheFilterSection" name="FilteranItem" time="1.209"/>
  <testcase classname="tests.TC_03ValidatingtheFilterSection" name="FilteranItem" time="1.201"/>
  <testcase classname="tests.TC_01LoginWithCorrectData" name="LoginUsingCredentials" time="0.96"/>
  <testcase classname="tests.TC_01LoginWithCorrectData" name="LoginUsingCredentials" time="1.021"/>
</testsuite> <!-- Test -->
