<?xml version="1.0" encoding="UTF-8"?>
<!-- Generated by org.testng.reporters.JUnitXMLReporter -->
<testsuite ignored="0" hostname="LAPTOP-L86JNH65" failures="0" tests="9" name="Test" time="25.263" errors="0" timestamp="2023-01-16T15:15:36 IST">
  <testcase classname="tests.TC_02AddtoCart" name="AddanItemtoCart" time="1.11"/>
  <testcase classname="tests.TC_02AddtoCart" name="AddanItemtoCart" time="1.031"/>
  <testcase classname="tests.TC_04EndToEndScenario" name="EndToEndTCValidation" time="1.635"/>
  <testcase classname="tests.TC_03ValidatingtheFilterSection" name="FilteranIteminDecreasingOrder" time="1.164"/>
  <testcase classname="tests.TC_03ValidatingtheFilterSection" name="FilteranIteminDecreasingOrder" time="1.337"/>
  <testcase classname="tests.TC_03ValidatingtheFilterSection" name="FilteranIteminDecreasingOrder" time="1.535"/>
  <testcase classname="tests.TC_03ValidatingtheFilterSection" name="FilteranIteminDecreasingOrder" time="1.652"/>
  <testcase classname="tests.TC_01LoginWithCorrectData" name="LoginUsingCredentials" time="1.217"/>
  <testcase classname="tests.TC_01LoginWithCorrectData" name="LoginUsingCredentials" time="1.095"/>
</testsuite> <!-- Test -->
