<?xml version="1.0" encoding="UTF-8"?>
<testsuite xmlns:xsi="http://www.w3.org/2001/XMLSchema-instance" xsi:noNamespaceSchemaLocation="https://maven.apache.org/surefire/maven-surefire-plugin/xsd/surefire-test-report.xsd" name="TestSuite" time="34.003" tests="9" errors="0" skipped="0" failures="0">
  <properties>
[...]
</properties>
  <testcase name="AddanItemtoCart" classname="tests.TC_02AddtoCart" time="4.282"/>
  <testcase name="AddanItemtoCart" classname="tests.TC_02AddtoCart" time="1.233"/>
  <testcase name="EndToEndTCValidation" classname="tests.TC_04EndToEndScenario" time="1.791"/>
  <testcase name="FilteranItem" classname="tests.TC_03ValidatingtheFilterSection" time="1.338"/>
  <testcase name="FilteranItem" classname="tests.TC_03ValidatingtheFilterSection" time="1.229"/>
  <testcase name="FilteranItem" classname="tests.TC_03ValidatingtheFilterSection" time="1.21"/>
  <testcase name="FilteranItem" classname="tests.TC_03ValidatingtheFilterSection" time="1.204"/>
  <testcase name="LoginUsingCredentials" classname="tests.TC_01LoginWithCorrectData" time="0.963"/>
  <testcase name="LoginUsingCredentials" classname="tests.TC_01LoginWithCorrectData" time="1.024"/>
</testsuite>