<?xml version="1.0" encoding="UTF-8"?>
<testng-results ignored="0" total="9" passed="9" failed="0" skipped="0">
  <reporter-output>
  </reporter-output>
  <suite started-at="2023-01-16T19:13:10 IST" name="Regression Suite" finished-at="2023-01-16T19:13:41 IST" duration-ms="31520">
    <groups>
    </groups>
    <test started-at="2023-01-16T19:13:10 IST" name="Test" finished-at="2023-01-16T19:13:41 IST" duration-ms="31520">
      <class name="tests.TC_04EndToEndScenario">
        <test-method is-config="true" signature="startDriver()[pri:0, instance:tests.TC_04EndToEndScenario@3d7fa3ae]" started-at="2023-01-16T19:13:23 IST" name="startDriver" finished-at="2023-01-16T19:13:24 IST" duration-ms="793" status="PASS">
          <reporter-output>
          </reporter-output>
        </test-method> <!-- startDriver -->
        <test-method signature="EndToEndTCValidation(java.lang.String,java.lang.String,java.lang.String,java.lang.String,java.lang.String,java.lang.String)[pri:0, instance:tests.TC_04EndToEndScenario@3d7fa3ae]" started-at="2023-01-16T19:13:24 IST" name="EndToEndTCValidation" data-provider="end_to_end" finished-at="2023-01-16T19:13:25 IST" duration-ms="1787" status="PASS">
          <params>
            <param index="0">
              <value>
                <![CDATA[standard_user]]>
              </value>
            </param>
            <param index="1">
              <value>
                <![CDATA[secret_sauce]]>
              </value>
            </param>
            <param index="2">
              <value>
                <![CDATA[xyzabc]]>
              </value>
            </param>
            <param index="3">
              <value>
                <![CDATA[qwerty]]>
              </value>
            </param>
            <param index="4">
              <value>
                <![CDATA[cdfgh]]>
              </value>
            </param>
            <param index="5">
              <value>
                <![CDATA[THANK YOU FOR YOUR ORDER]]>
              </value>
            </param>
          </params>
          <reporter-output>
          </reporter-output>
        </test-method> <!-- EndToEndTCValidation -->
        <test-method is-config="true" signature="takeScreenShotOnFailure(org.testng.ITestResult)[pri:0, instance:tests.TC_04EndToEndScenario@3d7fa3ae]" started-at="2023-01-16T19:13:25 IST" name="takeScreenShotOnFailure" finished-at="2023-01-16T19:13:26 IST" duration-ms="212" status="PASS">
          <params>
            <param index="0">
              <value>
                <![CDATA[[TestResult name=EndToEndTCValidation status=SUCCESS method=TC_04EndToEndScenario.EndToEndTCValidation(java.lang.String,java.lang.String,java.lang.String,java.lang.String,java.lang.String,java.lang.String)[pri:0, instance:tests.TC_04EndToEndScenario@3d7fa3ae] output={null}]]]>
              </value>
            </param>
          </params>
          <reporter-output>
          </reporter-output>
        </test-method> <!-- takeScreenShotOnFailure -->
        <test-method is-config="true" signature="teardown()[pri:0, instance:tests.TC_04EndToEndScenario@3d7fa3ae]" started-at="2023-01-16T19:13:26 IST" name="teardown" finished-at="2023-01-16T19:13:26 IST" duration-ms="243" status="PASS">
          <reporter-output>
          </reporter-output>
        </test-method> <!-- teardown -->
      </class> <!-- tests.TC_04EndToEndScenario -->
      <class name="tests.TC_03ValidatingtheFilterSection">
        <test-method is-config="true" signature="startDriver()[pri:0, instance:tests.TC_03ValidatingtheFilterSection@58065f0c]" started-at="2023-01-16T19:13:26 IST" name="startDriver" finished-at="2023-01-16T19:13:27 IST" duration-ms="893" status="PASS">
          <reporter-output>
          </reporter-output>
        </test-method> <!-- startDriver -->
        <test-method signature="FilteranItem(java.lang.String,java.lang.String,java.lang.String,java.lang.String)[pri:0, instance:tests.TC_03ValidatingtheFilterSection@58065f0c]" started-at="2023-01-16T19:13:27 IST" name="FilteranItem" data-provider="filter_data" finished-at="2023-01-16T19:13:28 IST" duration-ms="1336" status="PASS">
          <params>
            <param index="0">
              <value>
                <![CDATA[standard_user]]>
              </value>
            </param>
            <param index="1">
              <value>
                <![CDATA[secret_sauce]]>
              </value>
            </param>
            <param index="2">
              <value>
                <![CDATA[Test.allTheThings() T-Shirt (Red), Sauce Labs Onesie, Sauce Labs Fleece Jacket, Sauce Labs Bolt T-Shirt, Sauce Labs Bike Light, Sauce Labs Backpack]]>
              </value>
            </param>
            <param index="3">
              <value>
                <![CDATA[Name (Z to A)]]>
              </value>
            </param>
          </params>
          <reporter-output>
          </reporter-output>
        </test-method> <!-- FilteranItem -->
        <test-method is-config="true" signature="takeScreenShotOnFailure(org.testng.ITestResult)[pri:0, instance:tests.TC_03ValidatingtheFilterSection@58065f0c]" started-at="2023-01-16T19:13:28 IST" name="takeScreenShotOnFailure" finished-at="2023-01-16T19:13:29 IST" duration-ms="532" status="PASS">
          <params>
            <param index="0">
              <value>
                <![CDATA[[TestResult name=FilteranItem status=SUCCESS method=TC_03ValidatingtheFilterSection.FilteranItem(java.lang.String,java.lang.String,java.lang.String,java.lang.String)[pri:0, instance:tests.TC_03ValidatingtheFilterSection@58065f0c] output={null}]]]>
              </value>
            </param>
          </params>
          <reporter-output>
          </reporter-output>
        </test-method> <!-- takeScreenShotOnFailure -->
        <test-method is-config="true" signature="teardown()[pri:0, instance:tests.TC_03ValidatingtheFilterSection@58065f0c]" started-at="2023-01-16T19:13:29 IST" name="teardown" finished-at="2023-01-16T19:13:29 IST" duration-ms="238" status="PASS">
          <reporter-output>
          </reporter-output>
        </test-method> <!-- teardown -->
        <test-method is-config="true" signature="startDriver()[pri:0, instance:tests.TC_03ValidatingtheFilterSection@58065f0c]" started-at="2023-01-16T19:13:29 IST" name="startDriver" finished-at="2023-01-16T19:13:30 IST" duration-ms="889" status="PASS">
          <reporter-output>
          </reporter-output>
        </test-method> <!-- startDriver -->
        <test-method signature="FilteranItem(java.lang.String,java.lang.String,java.lang.String,java.lang.String)[pri:0, instance:tests.TC_03ValidatingtheFilterSection@58065f0c]" started-at="2023-01-16T19:13:30 IST" name="FilteranItem" data-provider="filter_data" finished-at="2023-01-16T19:13:31 IST" duration-ms="1227" status="PASS">
          <params>
            <param index="0">
              <value>
                <![CDATA[standard_user]]>
              </value>
            </param>
            <param index="1">
              <value>
                <![CDATA[secret_sauce]]>
              </value>
            </param>
            <param index="2">
              <value>
                <![CDATA[Sauce Labs Onesie, Sauce Labs Bike Light, Sauce Labs Bolt T-Shirt, Test.allTheThings() T-Shirt (Red), Sauce Labs Backpack, Sauce Labs Fleece Jacket]]>
              </value>
            </param>
            <param index="3">
              <value>
                <![CDATA[Price (low to high)]]>
              </value>
            </param>
          </params>
          <reporter-output>
          </reporter-output>
        </test-method> <!-- FilteranItem -->
        <test-method is-config="true" signature="takeScreenShotOnFailure(org.testng.ITestResult)[pri:0, instance:tests.TC_03ValidatingtheFilterSection@58065f0c]" started-at="2023-01-16T19:13:31 IST" name="takeScreenShotOnFailure" finished-at="2023-01-16T19:13:31 IST" duration-ms="323" status="PASS">
          <params>
            <param index="0">
              <value>
                <![CDATA[[TestResult name=FilteranItem status=SUCCESS method=TC_03ValidatingtheFilterSection.FilteranItem(java.lang.String,java.lang.String,java.lang.String,java.lang.String)[pri:0, instance:tests.TC_03ValidatingtheFilterSection@58065f0c] output={null}]]]>
              </value>
            </param>
          </params>
          <reporter-output>
          </reporter-output>
        </test-method> <!-- takeScreenShotOnFailure -->
        <test-method is-config="true" signature="teardown()[pri:0, instance:tests.TC_03ValidatingtheFilterSection@58065f0c]" started-at="2023-01-16T19:13:31 IST" name="teardown" finished-at="2023-01-16T19:13:31 IST" duration-ms="177" status="PASS">
          <reporter-output>
          </reporter-output>
        </test-method> <!-- teardown -->
        <test-method is-config="true" signature="startDriver()[pri:0, instance:tests.TC_03ValidatingtheFilterSection@58065f0c]" started-at="2023-01-16T19:13:31 IST" name="startDriver" finished-at="2023-01-16T19:13:32 IST" duration-ms="824" status="PASS">
          <reporter-output>
          </reporter-output>
        </test-method> <!-- startDriver -->
        <test-method signature="FilteranItem(java.lang.String,java.lang.String,java.lang.String,java.lang.String)[pri:0, instance:tests.TC_03ValidatingtheFilterSection@58065f0c]" started-at="2023-01-16T19:13:32 IST" name="FilteranItem" data-provider="filter_data" finished-at="2023-01-16T19:13:34 IST" duration-ms="1209" status="PASS">
          <params>
            <param index="0">
              <value>
                <![CDATA[standard_user]]>
              </value>
            </param>
            <param index="1">
              <value>
                <![CDATA[secret_sauce]]>
              </value>
            </param>
            <param index="2">
              <value>
                <![CDATA[Sauce Labs Fleece Jacket, Sauce Labs Backpack, Sauce Labs Bolt T-Shirt, Test.allTheThings() T-Shirt (Red), Sauce Labs Bike Light, Sauce Labs Onesie]]>
              </value>
            </param>
            <param index="3">
              <value>
                <![CDATA[Price (high to low)]]>
              </value>
            </param>
          </params>
          <reporter-output>
          </reporter-output>
        </test-method> <!-- FilteranItem -->
        <test-method is-config="true" signature="takeScreenShotOnFailure(org.testng.ITestResult)[pri:0, instance:tests.TC_03ValidatingtheFilterSection@58065f0c]" started-at="2023-01-16T19:13:34 IST" name="takeScreenShotOnFailure" finished-at="2023-01-16T19:13:34 IST" duration-ms="229" status="PASS">
          <params>
            <param index="0">
              <value>
                <![CDATA[[TestResult name=FilteranItem status=SUCCESS method=TC_03ValidatingtheFilterSection.FilteranItem(java.lang.String,java.lang.String,java.lang.String,java.lang.String)[pri:0, instance:tests.TC_03ValidatingtheFilterSection@58065f0c] output={null}]]]>
              </value>
            </param>
          </params>
          <reporter-output>
          </reporter-output>
        </test-method> <!-- takeScreenShotOnFailure -->
        <test-method is-config="true" signature="teardown()[pri:0, instance:tests.TC_03ValidatingtheFilterSection@58065f0c]" started-at="2023-01-16T19:13:34 IST" name="teardown" finished-at="2023-01-16T19:13:34 IST" duration-ms="189" status="PASS">
          <reporter-output>
          </reporter-output>
        </test-method> <!-- teardown -->
        <test-method is-config="true" signature="startDriver()[pri:0, instance:tests.TC_03ValidatingtheFilterSection@58065f0c]" started-at="2023-01-16T19:13:34 IST" name="startDriver" finished-at="2023-01-16T19:13:35 IST" duration-ms="807" status="PASS">
          <reporter-output>
          </reporter-output>
        </test-method> <!-- startDriver -->
        <test-method signature="FilteranItem(java.lang.String,java.lang.String,java.lang.String,java.lang.String)[pri:0, instance:tests.TC_03ValidatingtheFilterSection@58065f0c]" started-at="2023-01-16T19:13:35 IST" name="FilteranItem" data-provider="filter_data" finished-at="2023-01-16T19:13:36 IST" duration-ms="1201" status="PASS">
          <params>
            <param index="0">
              <value>
                <![CDATA[standard_user]]>
              </value>
            </param>
            <param index="1">
              <value>
                <![CDATA[secret_sauce]]>
              </value>
            </param>
            <param index="2">
              <value>
                <![CDATA[Sauce Labs Backpack, Sauce Labs Bike Light, Sauce Labs Bolt T-Shirt, Sauce Labs Fleece Jacket, Sauce Labs Onesie, Test.allTheThings() T-Shirt (Red)]]>
              </value>
            </param>
            <param index="3">
              <value>
                <![CDATA[Name (A to Z)]]>
              </value>
            </param>
          </params>
          <reporter-output>
          </reporter-output>
        </test-method> <!-- FilteranItem -->
        <test-method is-config="true" signature="takeScreenShotOnFailure(org.testng.ITestResult)[pri:0, instance:tests.TC_03ValidatingtheFilterSection@58065f0c]" started-at="2023-01-16T19:13:36 IST" name="takeScreenShotOnFailure" finished-at="2023-01-16T19:13:36 IST" duration-ms="395" status="PASS">
          <params>
            <param index="0">
              <value>
                <![CDATA[[TestResult name=FilteranItem status=SUCCESS method=TC_03ValidatingtheFilterSection.FilteranItem(java.lang.String,java.lang.String,java.lang.String,java.lang.String)[pri:0, instance:tests.TC_03ValidatingtheFilterSection@58065f0c] output={null}]]]>
              </value>
            </param>
          </params>
          <reporter-output>
          </reporter-output>
        </test-method> <!-- takeScreenShotOnFailure -->
        <test-method is-config="true" signature="teardown()[pri:0, instance:tests.TC_03ValidatingtheFilterSection@58065f0c]" started-at="2023-01-16T19:13:36 IST" name="teardown" finished-at="2023-01-16T19:13:37 IST" duration-ms="186" status="PASS">
          <reporter-output>
          </reporter-output>
        </test-method> <!-- teardown -->
      </class> <!-- tests.TC_03ValidatingtheFilterSection -->
      <class name="tests.TC_02AddtoCart">
        <test-method is-config="true" signature="startDriver()[pri:0, instance:tests.TC_02AddtoCart@69c6161d]" started-at="2023-01-16T19:13:12 IST" name="startDriver" finished-at="2023-01-16T19:13:15 IST" duration-ms="3308" status="PASS">
          <reporter-output>
          </reporter-output>
        </test-method> <!-- startDriver -->
        <test-method signature="AddanItemtoCart(java.lang.String,java.lang.String,java.lang.String)[pri:0, instance:tests.TC_02AddtoCart@69c6161d]" started-at="2023-01-16T19:13:15 IST" name="AddanItemtoCart" data-provider="correct_credentials" finished-at="2023-01-16T19:13:19 IST" duration-ms="4258" status="PASS">
          <params>
            <param index="0">
              <value>
                <![CDATA[standard_user]]>
              </value>
            </param>
            <param index="1">
              <value>
                <![CDATA[secret_sauce]]>
              </value>
            </param>
            <param index="2">
              <value>
                <![CDATA[PRODUCTS]]>
              </value>
            </param>
          </params>
          <reporter-output>
          </reporter-output>
        </test-method> <!-- AddanItemtoCart -->
        <test-method is-config="true" signature="takeScreenShotOnFailure(org.testng.ITestResult)[pri:0, instance:tests.TC_02AddtoCart@69c6161d]" started-at="2023-01-16T19:13:19 IST" name="takeScreenShotOnFailure" finished-at="2023-01-16T19:13:20 IST" duration-ms="227" status="PASS">
          <params>
            <param index="0">
              <value>
                <![CDATA[[TestResult name=AddanItemtoCart status=SUCCESS method=TC_02AddtoCart.AddanItemtoCart(java.lang.String,java.lang.String,java.lang.String)[pri:0, instance:tests.TC_02AddtoCart@69c6161d] output={null}]]]>
              </value>
            </param>
          </params>
          <reporter-output>
          </reporter-output>
        </test-method> <!-- takeScreenShotOnFailure -->
        <test-method is-config="true" signature="teardown()[pri:0, instance:tests.TC_02AddtoCart@69c6161d]" started-at="2023-01-16T19:13:20 IST" name="teardown" finished-at="2023-01-16T19:13:20 IST" duration-ms="509" status="PASS">
          <reporter-output>
          </reporter-output>
        </test-method> <!-- teardown -->
        <test-method is-config="true" signature="startDriver()[pri:0, instance:tests.TC_02AddtoCart@69c6161d]" started-at="2023-01-16T19:13:20 IST" name="startDriver" finished-at="2023-01-16T19:13:21 IST" duration-ms="898" status="PASS">
          <reporter-output>
          </reporter-output>
        </test-method> <!-- startDriver -->
        <test-method signature="AddanItemtoCart(java.lang.String,java.lang.String,java.lang.String)[pri:0, instance:tests.TC_02AddtoCart@69c6161d]" started-at="2023-01-16T19:13:21 IST" name="AddanItemtoCart" data-provider="correct_credentials" finished-at="2023-01-16T19:13:22 IST" duration-ms="1225" status="PASS">
          <params>
            <param index="0">
              <value>
                <![CDATA[problem_user]]>
              </value>
            </param>
            <param index="1">
              <value>
                <![CDATA[secret_sauce]]>
              </value>
            </param>
            <param index="2">
              <value>
                <![CDATA[PRODUCTS]]>
              </value>
            </param>
          </params>
          <reporter-output>
          </reporter-output>
        </test-method> <!-- AddanItemtoCart -->
        <test-method is-config="true" signature="takeScreenShotOnFailure(org.testng.ITestResult)[pri:0, instance:tests.TC_02AddtoCart@69c6161d]" started-at="2023-01-16T19:13:22 IST" name="takeScreenShotOnFailure" finished-at="2023-01-16T19:13:22 IST" duration-ms="258" status="PASS">
          <params>
            <param index="0">
              <value>
                <![CDATA[[TestResult name=AddanItemtoCart status=SUCCESS method=TC_02AddtoCart.AddanItemtoCart(java.lang.String,java.lang.String,java.lang.String)[pri:0, instance:tests.TC_02AddtoCart@69c6161d] output={null}]]]>
              </value>
            </param>
          </params>
          <reporter-output>
          </reporter-output>
        </test-method> <!-- takeScreenShotOnFailure -->
        <test-method is-config="true" signature="teardown()[pri:0, instance:tests.TC_02AddtoCart@69c6161d]" started-at="2023-01-16T19:13:22 IST" name="teardown" finished-at="2023-01-16T19:13:23 IST" duration-ms="246" status="PASS">
          <reporter-output>
          </reporter-output>
        </test-method> <!-- teardown -->
      </class> <!-- tests.TC_02AddtoCart -->
      <class name="tests.TC_01LoginWithCorrectData">
        <test-method is-config="true" signature="startDriver()[pri:0, instance:tests.TC_01LoginWithCorrectData@3605c4d3]" started-at="2023-01-16T19:13:37 IST" name="startDriver" finished-at="2023-01-16T19:13:37 IST" duration-ms="855" status="PASS">
          <reporter-output>
          </reporter-output>
        </test-method> <!-- startDriver -->
        <test-method signature="LoginUsingCredentials(java.lang.String,java.lang.String,java.lang.String)[pri:0, instance:tests.TC_01LoginWithCorrectData@3605c4d3]" started-at="2023-01-16T19:13:37 IST" name="LoginUsingCredentials" data-provider="correct_credentials" finished-at="2023-01-16T19:13:38 IST" duration-ms="960" status="PASS">
          <params>
            <param index="0">
              <value>
                <![CDATA[standard_user]]>
              </value>
            </param>
            <param index="1">
              <value>
                <![CDATA[secret_sauce]]>
              </value>
            </param>
            <param index="2">
              <value>
                <![CDATA[PRODUCTS]]>
              </value>
            </param>
          </params>
          <reporter-output>
          </reporter-output>
        </test-method> <!-- LoginUsingCredentials -->
        <test-method is-config="true" signature="takeScreenShotOnFailure(org.testng.ITestResult)[pri:0, instance:tests.TC_01LoginWithCorrectData@3605c4d3]" started-at="2023-01-16T19:13:38 IST" name="takeScreenShotOnFailure" finished-at="2023-01-16T19:13:39 IST" duration-ms="353" status="PASS">
          <params>
            <param index="0">
              <value>
                <![CDATA[[TestResult name=LoginUsingCredentials status=SUCCESS method=TC_01LoginWithCorrectData.LoginUsingCredentials(java.lang.String,java.lang.String,java.lang.String)[pri:0, instance:tests.TC_01LoginWithCorrectData@3605c4d3] output={null}]]]>
              </value>
            </param>
          </params>
          <reporter-output>
          </reporter-output>
        </test-method> <!-- takeScreenShotOnFailure -->
        <test-method is-config="true" signature="teardown()[pri:0, instance:tests.TC_01LoginWithCorrectData@3605c4d3]" started-at="2023-01-16T19:13:39 IST" name="teardown" finished-at="2023-01-16T19:13:39 IST" duration-ms="202" status="PASS">
          <reporter-output>
          </reporter-output>
        </test-method> <!-- teardown -->
        <test-method is-config="true" signature="startDriver()[pri:0, instance:tests.TC_01LoginWithCorrectData@3605c4d3]" started-at="2023-01-16T19:13:39 IST" name="startDriver" finished-at="2023-01-16T19:13:40 IST" duration-ms="821" status="PASS">
          <reporter-output>
          </reporter-output>
        </test-method> <!-- startDriver -->
        <test-method signature="LoginUsingCredentials(java.lang.String,java.lang.String,java.lang.String)[pri:0, instance:tests.TC_01LoginWithCorrectData@3605c4d3]" started-at="2023-01-16T19:13:40 IST" name="LoginUsingCredentials" data-provider="correct_credentials" finished-at="2023-01-16T19:13:41 IST" duration-ms="1021" status="PASS">
          <params>
            <param index="0">
              <value>
                <![CDATA[problem_user]]>
              </value>
            </param>
            <param index="1">
              <value>
                <![CDATA[secret_sauce]]>
              </value>
            </param>
            <param index="2">
              <value>
                <![CDATA[PRODUCTS]]>
              </value>
            </param>
          </params>
          <reporter-output>
          </reporter-output>
        </test-method> <!-- LoginUsingCredentials -->
        <test-method is-config="true" signature="takeScreenShotOnFailure(org.testng.ITestResult)[pri:0, instance:tests.TC_01LoginWithCorrectData@3605c4d3]" started-at="2023-01-16T19:13:41 IST" name="takeScreenShotOnFailure" finished-at="2023-01-16T19:13:41 IST" duration-ms="437" status="PASS">
          <params>
            <param index="0">
              <value>
                <![CDATA[[TestResult name=LoginUsingCredentials status=SUCCESS method=TC_01LoginWithCorrectData.LoginUsingCredentials(java.lang.String,java.lang.String,java.lang.String)[pri:0, instance:tests.TC_01LoginWithCorrectData@3605c4d3] output={null}]]]>
              </value>
            </param>
          </params>
          <reporter-output>
          </reporter-output>
        </test-method> <!-- takeScreenShotOnFailure -->
        <test-method is-config="true" signature="teardown()[pri:0, instance:tests.TC_01LoginWithCorrectData@3605c4d3]" started-at="2023-01-16T19:13:41 IST" name="teardown" finished-at="2023-01-16T19:13:41 IST" duration-ms="184" status="PASS">
          <reporter-output>
          </reporter-output>
        </test-method> <!-- teardown -->
      </class> <!-- tests.TC_01LoginWithCorrectData -->
    </test> <!-- Test -->
  </suite> <!-- Regression Suite -->
</testng-results>
